0 info it worked if it ends with ok
1 verbose cli [ 'C:\\Program Files\\nodejs\\\\node.exe',
1 verbose cli   'C:\\Program Files\\nodejs\\node_modules\\npm\\bin\\npm-cli.js',
1 verbose cli   'install',
1 verbose cli   'onoff' ]
2 info using npm@1.1.66
3 info using node@v0.8.15
4 verbose node symlink C:\Program Files\nodejs\\node.exe
5 verbose read json C:\Users\admin\Documents\pi\GIT\rpi\package.json
6 verbose read json C:\Users\admin\Documents\pi\GIT\rpi\node_modules\express\package.json
7 verbose read json C:\Users\admin\Documents\pi\GIT\rpi\node_modules\jade\package.json
8 verbose read json C:\Users\admin\Documents\pi\GIT\rpi\node_modules\pi-gpio\package.json
9 verbose read json C:\Users\admin\Documents\pi\GIT\rpi\node_modules\servoControl.js\package.json
10 verbose from cache C:\Users\admin\Documents\pi\GIT\rpi\package.json
11 verbose readDependencies using package.json deps
12 verbose cache add [ 'onoff', null ]
13 silly cache add name=undefined spec="onoff" args=["onoff",null]
14 verbose parsed url { pathname: 'onoff', path: 'onoff', href: 'onoff' }
15 silly lockFile 1e5d8f47-onoff onoff
16 verbose lock onoff C:\Users\admin\AppData\Roaming\npm-cache\1e5d8f47-onoff.lock
17 silly lockFile 1e5d8f47-onoff onoff
18 verbose addNamed [ 'onoff', '' ]
19 verbose addNamed [ null, '' ]
20 silly lockFile 0e81c0d2-onoff onoff@
21 verbose lock onoff@ C:\Users\admin\AppData\Roaming\npm-cache\0e81c0d2-onoff.lock
22 silly addNameRange { name: 'onoff', range: '', hasData: false }
23 verbose url raw onoff
24 verbose url resolving [ 'https://registry.npmjs.org/', './onoff' ]
25 verbose url resolved https://registry.npmjs.org/onoff
26 info trying registry request attempt 1 at 12:08:04
27 http GET https://registry.npmjs.org/onoff
28 http 200 https://registry.npmjs.org/onoff
29 silly registry.get cb [ 200,
29 silly registry.get   { vary: 'Accept',
29 silly registry.get     server: 'CouchDB/1.3.0 (Erlang OTP/R15B03)',
29 silly registry.get     etag: '"4R4ZQTMWISEXJG3QI2D7PU4L"',
29 silly registry.get     date: 'Sun, 14 Jul 2013 06:38:10 GMT',
29 silly registry.get     'content-type': 'application/json',
29 silly registry.get     'content-length': '39729' } ]
30 silly addNameRange number 2 { name: 'onoff', range: '', hasData: true }
31 silly addNameRange versions [ 'onoff',
31 silly addNameRange   [ '0.0.1', '0.1.0', '0.1.2', '0.1.3', '0.1.4', '0.1.5' ] ]
32 verbose addNamed [ 'onoff', '0.1.5' ]
33 verbose addNamed [ '0.1.5', '0.1.5' ]
34 silly lockFile 5612b24b-onoff-0-1-5 onoff@0.1.5
35 verbose lock onoff@0.1.5 C:\Users\admin\AppData\Roaming\npm-cache\5612b24b-onoff-0-1-5.lock
36 silly lockFile ee182452--npmjs-org-onoff-onoff-0-1-5-tgz https://registry.npmjs.org/onoff/-/onoff-0.1.5.tgz
37 verbose lock https://registry.npmjs.org/onoff/-/onoff-0.1.5.tgz C:\Users\admin\AppData\Roaming\npm-cache\ee182452--npmjs-org-onoff-onoff-0-1-5-tgz.lock
38 verbose addRemoteTarball [ 'https://registry.npmjs.org/onoff/-/onoff-0.1.5.tgz',
38 verbose addRemoteTarball   '8b32c6e835754c24cbf7491b453b009e3aff9418' ]
39 info retry fetch attempt 1 at 12:08:09
40 verbose fetch to= C:\Users\admin\AppData\Local\Temp\npm-8468\1373783889381-0.2383294329047203\tmp.tgz
41 http GET https://registry.npmjs.org/onoff/-/onoff-0.1.5.tgz
42 http 200 https://registry.npmjs.org/onoff/-/onoff-0.1.5.tgz
43 silly shasum updated bytes 9149
44 info shasum 8b32c6e835754c24cbf7491b453b009e3aff9418
44 info shasum C:\Users\admin\AppData\Local\Temp\npm-8468\1373783889381-0.2383294329047203\tmp.tgz
45 verbose tar unpack C:\Users\admin\AppData\Local\Temp\npm-8468\1373783889381-0.2383294329047203\tmp.tgz
46 silly lockFile 1aa7257b-89381-0-2383294329047203-package C:\Users\admin\AppData\Local\Temp\npm-8468\1373783889381-0.2383294329047203\package
47 verbose lock C:\Users\admin\AppData\Local\Temp\npm-8468\1373783889381-0.2383294329047203\package C:\Users\admin\AppData\Roaming\npm-cache\1aa7257b-89381-0-2383294329047203-package.lock
48 silly gunzTarPerm modes [ '755', '644' ]
49 silly gunzTarPerm extractEntry package.json
50 silly gunzTarPerm extractEntry .npmignore
51 silly gunzTarPerm extractEntry README.md
52 silly gunzTarPerm extractEntry LICENSE
53 silly gunzTarPerm extractEntry onoff.js
54 silly gunzTarPerm extractEntry History.md
55 silly gunzTarPerm extractEntry binding.gyp
56 silly gunzTarPerm extractEntry examples/blink-led-async.js
57 silly gunzTarPerm extractEntry examples/blink-led.js
58 silly gunzTarPerm extractEntry examples/wait-for-interrupt.js
59 silly gunzTarPerm extractEntry examples/no-sudo/app.js
60 silly gunzTarPerm extractEntry examples/no-sudo/export-gpios.js
61 silly gunzTarPerm extractEntry examples/no-sudo/unexport-gpios.js
62 silly gunzTarPerm extractEntry examples/no-sudo/web-server.js
63 silly gunzTarPerm extractEntry src/gpiowatcher.cc
64 silly gunzTarPerm extractEntry test/blink-led.js
65 silly gunzTarPerm extractEntry test/configure-and-check-output.js
66 silly gunzTarPerm extractEntry test/five-inputs.js
67 silly gunzTarPerm extractEntry test/many-interrupts.js
68 silly gunzTarPerm extractEntry test/configure-and-check-input.js
69 silly gunzTarPerm extractEntry test/performance-sync.js
70 silly gunzTarPerm extractEntry test/wait-for-interrupt.js
71 silly gunzTarPerm extractEntry test/wait-for-many-interrupts.js
72 silly gunzTarPerm extractEntry test/performance-async.js
73 silly gunzTarPerm extractEntry test/run-tests
74 silly gunzTarPerm extractEntry test/run-five-inputs
75 verbose read json C:\Users\admin\AppData\Local\Temp\npm-8468\1373783889381-0.2383294329047203\package\package.json
76 silly lockFile 1aa7257b-89381-0-2383294329047203-package C:\Users\admin\AppData\Local\Temp\npm-8468\1373783889381-0.2383294329047203\package
77 verbose from cache C:\Users\admin\AppData\Local\Temp\npm-8468\1373783889381-0.2383294329047203\package\package.json
78 verbose tar pack [ 'C:\\Users\\admin\\AppData\\Roaming\\npm-cache\\onoff\\0.1.5\\package.tgz',
78 verbose tar pack   'C:\\Users\\admin\\AppData\\Local\\Temp\\npm-8468\\1373783889381-0.2383294329047203\\package' ]
79 verbose tarball C:\Users\admin\AppData\Roaming\npm-cache\onoff\0.1.5\package.tgz
80 verbose folder C:\Users\admin\AppData\Local\Temp\npm-8468\1373783889381-0.2383294329047203\package
81 silly lockFile 063727ea-pm-cache-onoff-0-1-5-package-tgz C:\Users\admin\AppData\Roaming\npm-cache\onoff\0.1.5\package.tgz
82 verbose lock C:\Users\admin\AppData\Roaming\npm-cache\onoff\0.1.5\package.tgz C:\Users\admin\AppData\Roaming\npm-cache\063727ea-pm-cache-onoff-0-1-5-package-tgz.lock
83 silly lockFile 063727ea-pm-cache-onoff-0-1-5-package-tgz C:\Users\admin\AppData\Roaming\npm-cache\onoff\0.1.5\package.tgz
84 silly lockFile 749c3957-ng-npm-cache-onoff-0-1-5-package C:\Users\admin\AppData\Roaming\npm-cache\onoff\0.1.5\package
85 verbose lock C:\Users\admin\AppData\Roaming\npm-cache\onoff\0.1.5\package C:\Users\admin\AppData\Roaming\npm-cache\749c3957-ng-npm-cache-onoff-0-1-5-package.lock
86 silly lockFile 749c3957-ng-npm-cache-onoff-0-1-5-package C:\Users\admin\AppData\Roaming\npm-cache\onoff\0.1.5\package
87 verbose tar unpack C:\Users\admin\AppData\Roaming\npm-cache\onoff\0.1.5\package.tgz
88 silly lockFile 749c3957-ng-npm-cache-onoff-0-1-5-package C:\Users\admin\AppData\Roaming\npm-cache\onoff\0.1.5\package
89 verbose lock C:\Users\admin\AppData\Roaming\npm-cache\onoff\0.1.5\package C:\Users\admin\AppData\Roaming\npm-cache\749c3957-ng-npm-cache-onoff-0-1-5-package.lock
90 silly gunzTarPerm modes [ '755', '644' ]
91 silly gunzTarPerm extractEntry package.json
92 silly gunzTarPerm modified mode [ 'package.json', 438, 420 ]
93 silly gunzTarPerm extractEntry .npmignore
94 silly gunzTarPerm modified mode [ '.npmignore', 438, 420 ]
95 silly gunzTarPerm extractEntry README.md
96 silly gunzTarPerm modified mode [ 'README.md', 438, 420 ]
97 silly gunzTarPerm extractEntry LICENSE
98 silly gunzTarPerm modified mode [ 'LICENSE', 438, 420 ]
99 silly gunzTarPerm extractEntry onoff.js
100 silly gunzTarPerm modified mode [ 'onoff.js', 438, 420 ]
101 silly gunzTarPerm extractEntry binding.gyp
102 silly gunzTarPerm modified mode [ 'binding.gyp', 438, 420 ]
103 silly gunzTarPerm extractEntry examples/blink-led-async.js
104 silly gunzTarPerm modified mode [ 'examples/blink-led-async.js', 438, 420 ]
105 silly gunzTarPerm extractEntry examples/blink-led.js
106 silly gunzTarPerm modified mode [ 'examples/blink-led.js', 438, 420 ]
107 silly gunzTarPerm extractEntry examples/wait-for-interrupt.js
108 silly gunzTarPerm modified mode [ 'examples/wait-for-interrupt.js', 438, 420 ]
109 silly gunzTarPerm extractEntry examples/no-sudo/app.js
110 silly gunzTarPerm modified mode [ 'examples/no-sudo/app.js', 438, 420 ]
111 silly gunzTarPerm extractEntry examples/no-sudo/export-gpios.js
112 silly gunzTarPerm modified mode [ 'examples/no-sudo/export-gpios.js', 438, 420 ]
113 silly gunzTarPerm extractEntry examples/no-sudo/unexport-gpios.js
114 silly gunzTarPerm modified mode [ 'examples/no-sudo/unexport-gpios.js', 438, 420 ]
115 silly gunzTarPerm extractEntry examples/no-sudo/web-server.js
116 silly gunzTarPerm modified mode [ 'examples/no-sudo/web-server.js', 438, 420 ]
117 silly gunzTarPerm extractEntry History.md
118 silly gunzTarPerm modified mode [ 'History.md', 438, 420 ]
119 silly gunzTarPerm extractEntry src/gpiowatcher.cc
120 silly gunzTarPerm modified mode [ 'src/gpiowatcher.cc', 438, 420 ]
121 silly gunzTarPerm extractEntry test/blink-led.js
122 silly gunzTarPerm modified mode [ 'test/blink-led.js', 438, 420 ]
123 silly gunzTarPerm extractEntry test/configure-and-check-output.js
124 silly gunzTarPerm modified mode [ 'test/configure-and-check-output.js', 438, 420 ]
125 silly gunzTarPerm extractEntry test/five-inputs.js
126 silly gunzTarPerm modified mode [ 'test/five-inputs.js', 438, 420 ]
127 silly gunzTarPerm extractEntry test/many-interrupts.js
128 silly gunzTarPerm modified mode [ 'test/many-interrupts.js', 438, 420 ]
129 silly gunzTarPerm extractEntry test/configure-and-check-input.js
130 silly gunzTarPerm modified mode [ 'test/configure-and-check-input.js', 438, 420 ]
131 silly gunzTarPerm extractEntry test/performance-sync.js
132 silly gunzTarPerm modified mode [ 'test/performance-sync.js', 438, 420 ]
133 silly gunzTarPerm extractEntry test/wait-for-interrupt.js
134 silly gunzTarPerm modified mode [ 'test/wait-for-interrupt.js', 438, 420 ]
135 silly gunzTarPerm extractEntry test/wait-for-many-interrupts.js
136 silly gunzTarPerm modified mode [ 'test/wait-for-many-interrupts.js', 438, 420 ]
137 silly gunzTarPerm extractEntry test/performance-async.js
138 silly gunzTarPerm modified mode [ 'test/performance-async.js', 438, 420 ]
139 silly gunzTarPerm extractEntry test/run-tests
140 silly gunzTarPerm modified mode [ 'test/run-tests', 438, 420 ]
141 silly gunzTarPerm extractEntry test/run-five-inputs
142 silly gunzTarPerm modified mode [ 'test/run-five-inputs', 438, 420 ]
143 verbose read json C:\Users\admin\AppData\Roaming\npm-cache\onoff\0.1.5\package\package.json
144 silly lockFile 749c3957-ng-npm-cache-onoff-0-1-5-package C:\Users\admin\AppData\Roaming\npm-cache\onoff\0.1.5\package
145 silly shasum updated bytes 9143
146 info shasum e5bd83cd599514f2cb0e6d56d72e953ee7dde4ed
146 info shasum C:\Users\admin\AppData\Roaming\npm-cache\onoff\0.1.5\package.tgz
147 verbose from cache C:\Users\admin\AppData\Roaming\npm-cache\onoff\0.1.5\package\package.json
148 verbose chmod C:\Users\admin\AppData\Roaming\npm-cache\onoff\0.1.5\package.tgz 644
149 silly chown skipping for windows C:\Users\admin\AppData\Roaming\npm-cache\onoff\0.1.5\package.tgz
150 silly lockFile ee182452--npmjs-org-onoff-onoff-0-1-5-tgz https://registry.npmjs.org/onoff/-/onoff-0.1.5.tgz
151 silly lockFile 5612b24b-onoff-0-1-5 onoff@0.1.5
152 silly lockFile 0e81c0d2-onoff onoff@
153 silly resolved [ { name: 'onoff',
153 silly resolved     version: '0.1.5',
153 silly resolved     description: 'GPIO based I/O and interrupt detection on the BeagleBone or Raspberry Pi',
153 silly resolved     main: 'onoff.js',
153 silly resolved     directories: { example: 'examples', test: 'test' },
153 silly resolved     scripts:
153 silly resolved      { test: 'echo "Tests can only be run manually from the command line. They access hardware GPIOs." && exit 1',
153 silly resolved        install: 'node-gyp rebuild' },
153 silly resolved     repository: { type: 'git', url: 'https://github.com/fivdi/onoff.git' },
153 silly resolved     engines: { node: '>=0.8.0' },
153 silly resolved     os: [ 'linux' ],
153 silly resolved     keywords:
153 silly resolved      [ 'gpio',
153 silly resolved        'embedded',
153 silly resolved        'interrupt',
153 silly resolved        'interrupts',
153 silly resolved        'beaglebone',
153 silly resolved        'beagle',
153 silly resolved        'bone',
153 silly resolved        'raspberry',
153 silly resolved        'raspi',
153 silly resolved        'rpi',
153 silly resolved        'pi',
153 silly resolved        'linux' ],
153 silly resolved     author: { name: 'fivdi' },
153 silly resolved     license: 'MIT',
153 silly resolved     gypfile: true,
153 silly resolved     readme: '## onoff\n\nGPIO based I/O and interrupt detection with Node.js on Linux boards such as the\nBeagleBone or Raspberry Pi.\n\nonoff provides a constructor function called Gpio which can be used to make\nGpio objects corresponding to Linux GPIOs. Examples of its usage can be seen in\nthe code below. The Gpio methods available are as follows:\n\n  * read(callback) - Read GPIO value asynchronously\n  * readSync() - Read GPIO value synchronously\n  * write(value, callback) - Write GPIO value asynchronously\n  * writeSync(value) - Write GPIO value synchronously\n  * watch(callback) - Watch and wait for GPIO to interrupt\n  * direction() - Read GPIO direction\n  * edge() - Read GPIO interrupt generating edge\n  * options() - Get GPIO options\n  * unexport() - Reverse the effect of exporting the GPIO to userspace\n\nGPIOs on Linux are identified by unsigned integers. These are the numbers that\nshould be passed to the onoff Gpio constructor function when exporting GPIOs\nto userspace. For example, pin P1_11 on the Raspberry Pi P1 expansion header\ncorresponds to GPIO #17 in Raspbian Linux. 17 is therefore the number to pass\nto the onoff Gpio constructor when using pin P1_11 on the P1 expansion header.\n\nonoff requires Node.js v0.8.0 or higher.\n\n## Installation\n\n    $ npm install onoff\n\n## Synchronous API - Blink the LED on GPIO #17 for 5 seconds\n\nThe examples here can be run by the superuser or by non-superusers when the\ntechnique described in section "How to handle superuser issues" is used.\n\n```js\nvar Gpio = require(\'onoff\').Gpio, // Constructor function for Gpio objects.\n    led = new Gpio(17, \'out\'),    // Export GPIO #17 as an output.\n    iv;\n\n// Toggle the state of the LED on GPIO #17 every 200ms.\n// Here synchronous methods are used. Asynchronous methods are also available.\niv = setInterval(function() {\n    led.writeSync(led.readSync() === 0 ? 1 : 0); // 1 = on, 0 = off :)\n}, 200);\n\n// Stop blinking the LED and turn it off after 5 seconds.\nsetTimeout(function() {\n    clearInterval(iv); // Stop blinking\n    led.writeSync(0);  // Turn LED off.\n    led.unexport();    // Unexport GPIO and free resources\n}, 5000);\n```\n\n## Asynchronous API - Blink the LED on GPIO #17 20 times\n\n```js\nvar Gpio = require(\'onoff\').Gpio, // Constructor function for Gpio objects.\n    led = new Gpio(17, \'out\');    // Export GPIO #17 as an output.\n\n// Toggle the state of the LED on GPIO #17 every 200ms \'count\' times.\n// Here asynchronous methods are used. Synchronous methods are also available.\n(function blink(count) {\n    if (count <= 0) return led.unexport();\n\n    led.read(function(err, value) {  // Asynchronous read.\n        if (err) throw err;\n\n        led.write(value === 0 ? 1 : 0, function(err) { // Asynchronous write.\n            if (err) throw err;\n        });\n    });\n\n    setTimeout(function() {\n        blink(count - 1);\n    }, 200);\n})(20);\n```\n\n## Wait for the button on GPIO #18 to interrupt\n\nThis example watches a momentary push button on GPIO #18 and prints a message\nwhen when the button is pressed interrupting the CPU. The watch method doesn\'t\nrequire CPU resources while waiting for an interrupt to occur freeing the CPU\nto perfrom other tasks.\n\n```js\nvar Gpio = require(\'onoff\').Gpio,        // Constructor function for Gpio objects.\n    button = new Gpio(18, \'in\', \'both\'); // Export GPIO #18 as an interrupt\n                                         // generating input.\n\nconsole.log(\'Please press the button on GPIO #18...\');\n\n// The callback passed to watch will be called when the button on GPIO #18 is\n// pressed. \nbutton.watch(function (err, value) {\n    if (err) throw err;\n\n    console.log(\'Button pressed!, its value was \' + value);\n\n    button.unexport(); // Unexport GPIO and free resources\n});\n```\n\n## How to handle superuser issues\n\nIn gereral, superuser privileges are required for exporting and using GPIOs.\nHowever, running all processes that access GPIOs as the superuser will be\nunacceptable for most. To resolve this issue onoff can be used as follows:\n\nStep 1 - Export GPIOs as superuser\n\nCreate a simple program for exporting GPIOs and execute this program with\nsuperuser privileges. In addition to exporting the GPIOs, this program will\nautomatically change the access permissions for the GPIOs value file giving\nall users read and write access.\n\n```js\nvar Gpio = require(\'onoff\').Gpio,\n    led = new Gpio(17, \'out\');\n```\n\nStep 2 - The application can be run by a non-superuser\n\nAfter the program from step one has been executed by the superuser, the\napplication itself can be executed by a non-superuser. The Gpio constructor\nwill see that the GPIO has already been exported to userspace and will not\nattempt to export it again. The value of the GPIO can be modified as all\nusers have read and write access to its value file.\n\nHighspeed Blinking\n\n```js\nvar Gpio = require(\'onoff\').Gpio,\n    led = new Gpio(17, \'out\'),\n    time = process.hrtime(),\n    herz,\n    i;\n\nfor (i = 0; i !== 50000; i += 1) {\n    led.writeSync(1);\n    led.writeSync(0);\n}\n\ntime = process.hrtime(time);\nherz = Math.floor(i / (time[0] + time[1] / 1E9));\n\nconsole.log(\'Frequency = \' + herz / 1000 + \'KHz\');\n```\n\nDepending on the system load, the frequency logged to the console should be up\nto 35KHz on a 720MHz BeagleBone or up to 23KHz on a 700MHz Raspberry Pi.\n\nStep 3 - Unexport GPIOs as superuser\n\nAfter the application has terminated, a third program can be executed by the\nsuperuser to unexport the appropriate GPIOs.\n\n```js\nvar Gpio = require(\'onoff\').Gpio,\n    led = new Gpio(17, \'out\');\n\nled.unexport();\n```\n\n## Additional Information\n\nonoff has been tested on the BeagleBone (Ångström) and Raspberry Pi (Raspbian).\nThe suitability of onoff for a particular Linux board is highly dependent on\nhow GPIO interfaces are made available on that board. The\n[GPIO interfaces](http://www.kernel.org/doc/Documentation/gpio.txt)\ndocumentation describes GPIO access conventions rather than standards that must\nbe followed so GPIO can vary from platform to platform. For example, onoff\nrelies on sysfs files located at /sys/classes/gpio being available. However,\nthese sysfs files for userspace GPIO are optional and may not be available on a\nparticular platform.\n\nAs its name hopefully indicates, onoff can be used for turning things on and\noff and detecting interrupts at a "reasonable" frequency. It\'s not intended for\nuse in [bit banging](http://en.wikipedia.org/wiki/Bit_banging) applications.\n\n',
153 silly resolved     readmeFilename: 'README.md',
153 silly resolved     _id: 'onoff@0.1.5',
153 silly resolved     dist: { shasum: 'e5bd83cd599514f2cb0e6d56d72e953ee7dde4ed' },
153 silly resolved     _from: 'onoff' } ]
154 info install onoff@0.1.5 into C:\Users\admin\Documents\pi\GIT\rpi
155 info installOne onoff@0.1.5
156 error notsup Unsupported
156 error notsup Not compatible with your operating system or architecture: onoff@0.1.5
156 error notsup Valid OS:    linux
156 error notsup Valid Arch:  any
156 error notsup Actual OS:   win32
156 error notsup Actual Arch: x64
157 error System Windows_NT 6.1.7601
158 error command "C:\\Program Files\\nodejs\\\\node.exe" "C:\\Program Files\\nodejs\\node_modules\\npm\\bin\\npm-cli.js" "install" "onoff"
159 error cwd C:\Users\admin\Documents\pi\GIT\rpi
160 error node -v v0.8.15
161 error npm -v 1.1.66
162 error code EBADPLATFORM
163 verbose exit [ 1, true ]
